<?xml version="1.0" encoding="UTF-8"?>
<!-- Generated by org.testng.reporters.JUnitReportReporter -->
<testsuite hostname="AS-PC-23" failures="0" tests="1" name="testCases.ActiveScan" time="300.698" errors="0" timestamp="2024-09-18T12:42:27 IST" skipped="0">
  <testcase classname="testCases.ActiveScan" name="testActiveScan" time="300.698"/>
</testsuite> <!-- testCases.ActiveScan -->
