<?xml version="1.0" encoding="UTF-8"?>
<!-- Generated by org.testng.reporters.JUnitReportReporter -->
<testsuite hostname="AS-PC-23" failures="0" tests="3" name="testcases.projects.GetProjectCardViewTestCases" time="0.301" errors="0" timestamp="2024-07-22T18:57:39 IST" skipped="0">
  <testcase classname="testcases.projects.GetProjectCardViewTestCases" name="verifyGetProjectCardView" time="0.190"/>
  <system-out/>
  <testcase classname="testcases.projects.GetProjectCardViewTestCases" name="verifyGetProjectCardViewWithInvalidToken" time="0.053"/>
  <system-out/>
  <testcase classname="testcases.projects.GetProjectCardViewTestCases" name="verifyGetProjectCardViewWithoutTenantId" time="0.058"/>
  <system-out/>
</testsuite> <!-- testcases.projects.GetProjectCardViewTestCases -->
