<?xml version="1.0" encoding="UTF-8"?>
<!-- Generated by org.testng.reporters.JUnitReportReporter -->
<testsuite hostname="AS-PC-23" failures="0" tests="5" name="testcases.projects.DeleteProjectManagerTestCases" time="0.265" errors="0" timestamp="2024-07-22T18:57:39 IST" skipped="0">
  <testcase classname="testcases.projects.DeleteProjectManagerTestCases" name="verifyDeleteProjectManager" time="0.085"/>
  <system-out/>
  <testcase classname="testcases.projects.DeleteProjectManagerTestCases" name="verifyDeleteProjectManagerWithInvalidAccessToken" time="0.030"/>
  <system-out/>
  <testcase classname="testcases.projects.DeleteProjectManagerTestCases" name="verifyDeleteProjectManagerWithInvalidTenantId" time="0.026"/>
  <system-out/>
  <testcase classname="testcases.projects.DeleteProjectManagerTestCases" name="verifyDeleteProjectManagerWithoutAccessToken" time="0.029"/>
  <system-out/>
  <testcase classname="testcases.projects.DeleteProjectManagerTestCases" name="verifyDeleteProjectManagerWithInvalidProjectIds" time="0.095"/>
  <system-out/>
</testsuite> <!-- testcases.projects.DeleteProjectManagerTestCases -->
