<?xml version="1.0" encoding="UTF-8"?>
<!-- Generated by org.testng.reporters.JUnitReportReporter -->
<testsuite hostname="AS-PC-23" failures="0" tests="6" name="testcases.projectboards.GetProjectBoardByStatusTestCases" time="0.395" errors="0" timestamp="2024-07-22T18:57:39 IST" skipped="0">
  <testcase classname="testcases.projectboards.GetProjectBoardByStatusTestCases" name="verifyGetProjectBoardByStatus" time="0.121"/>
  <system-out/>
  <testcase classname="testcases.projectboards.GetProjectBoardByStatusTestCases" name="verifyGetDoingTasks" time="0.078"/>
  <system-out/>
  <testcase classname="testcases.projectboards.GetProjectBoardByStatusTestCases" name="verifyGetDoneTasks" time="0.065"/>
  <system-out/>
  <testcase classname="testcases.projectboards.GetProjectBoardByStatusTestCases" name="verifyGetProjectBoardByStatusWithInvalidAccessToken" time="0.040"/>
  <system-out/>
  <testcase classname="testcases.projectboards.GetProjectBoardByStatusTestCases" name="verifyGetProjectBoardByStatusWithInvalidTenantId" time="0.054"/>
  <system-out/>
  <testcase classname="testcases.projectboards.GetProjectBoardByStatusTestCases" name="verifyGetProjectBoardByStatusWithoutAccessToken" time="0.037"/>
  <system-out/>
</testsuite> <!-- testcases.projectboards.GetProjectBoardByStatusTestCases -->
