<?xml version="1.0" encoding="UTF-8"?>
<!-- Generated by org.testng.reporters.JUnitReportReporter -->
<testsuite hostname="AS-PC-23" failures="0" tests="5" name="testcases.projects.DeleteProjectBudgetTestCases" time="0.259" errors="0" timestamp="2024-07-22T18:57:39 IST" skipped="0">
  <testcase classname="testcases.projects.DeleteProjectBudgetTestCases" name="verifyDeleteProjectBudget" time="0.055"/>
  <system-out/>
  <testcase classname="testcases.projects.DeleteProjectBudgetTestCases" name="verifyDeleteProjectBudgetWithInvalidProjectIds" time="0.116"/>
  <system-out/>
  <testcase classname="testcases.projects.DeleteProjectBudgetTestCases" name="verifyDeleteProjectBudgetWithInvalidAccessToken" time="0.020"/>
  <system-out/>
  <testcase classname="testcases.projects.DeleteProjectBudgetTestCases" name="verifyDeleteProjectBudgetWithInvalidTenantId" time="0.026"/>
  <system-out/>
  <testcase classname="testcases.projects.DeleteProjectBudgetTestCases" name="verifyDeleteProjectBudgetWithoutAccessToken" time="0.042"/>
  <system-out/>
</testsuite> <!-- testcases.projects.DeleteProjectBudgetTestCases -->
