<?xml version="1.0" encoding="UTF-8"?>
<!-- Generated by org.testng.reporters.JUnitReportReporter -->
<testsuite hostname="AS-PC-23" failures="0" tests="5" name="testcases.projects.GetProjectManagerTestCases" time="0.190" errors="0" timestamp="2024-07-22T18:57:39 IST" skipped="0">
  <testcase classname="testcases.projects.GetProjectManagerTestCases" name="verifyGetProjectManager" time="0.032"/>
  <system-out/>
  <testcase classname="testcases.projects.GetProjectManagerTestCases" name="verifyGetProjectManagerWithInvalidProjectIds" time="0.092"/>
  <system-out/>
  <testcase classname="testcases.projects.GetProjectManagerTestCases" name="verifyGetProjectManagerWithInvalidAccessToken" time="0.017"/>
  <system-out/>
  <testcase classname="testcases.projects.GetProjectManagerTestCases" name="verifyGetProjectManagerWithInvalidTenantId" time="0.026"/>
  <system-out/>
  <testcase classname="testcases.projects.GetProjectManagerTestCases" name="verifyGetProjectManagerWithoutAccessToken" time="0.023"/>
  <system-out/>
</testsuite> <!-- testcases.projects.GetProjectManagerTestCases -->
