<?xml version="1.0" encoding="UTF-8"?>
<!-- Generated by org.testng.reporters.JUnitReportReporter -->
<testsuite hostname="AS-PC-23" failures="0" tests="5" name="testcases.projects.GetProjectBudgetTestCases" time="0.324" errors="0" timestamp="2024-07-22T18:57:39 IST" skipped="0">
  <testcase classname="testcases.projects.GetProjectBudgetTestCases" name="verifyGetProjectBudget" time="0.059"/>
  <system-out/>
  <testcase classname="testcases.projects.GetProjectBudgetTestCases" name="verifyGetProjectBudgetWithInvalidProjectIds" time="0.137"/>
  <system-out/>
  <testcase classname="testcases.projects.GetProjectBudgetTestCases" name="verifyGetProjectBudgetWithInvalidAccessToken" time="0.039"/>
  <system-out/>
  <testcase classname="testcases.projects.GetProjectBudgetTestCases" name="verifyGetProjectBudgetWithInvalidTenantId" time="0.044"/>
  <system-out/>
  <testcase classname="testcases.projects.GetProjectBudgetTestCases" name="verifyGetProjectBudgetWithoutAccessToken" time="0.045"/>
  <system-out/>
</testsuite> <!-- testcases.projects.GetProjectBudgetTestCases -->
