<?xml version="1.0" encoding="UTF-8"?>
<!-- Generated by org.testng.reporters.JUnitReportReporter -->
<testsuite hostname="AS-PC-23" failures="0" tests="1" name="testcases.LoginTestCases" time="3.597" errors="0" timestamp="2024-07-25T18:42:11 IST" skipped="0">
  <testcase classname="testcases.LoginTestCases" name="verifySuccessfulLogin" time="3.597"/>
  <system-out/>
</testsuite> <!-- testcases.LoginTestCases -->
