<?xml version="1.0" encoding="UTF-8"?>
<!-- Generated by org.testng.reporters.JUnitReportReporter -->
<testsuite hostname="AS-PC-23" failures="0" tests="5" name="testcases.projects.GetProjectIdTestCases" time="2.002" errors="0" timestamp="2024-07-22T18:57:39 IST" skipped="0">
  <testcase classname="testcases.projects.GetProjectIdTestCases" name="verifyGetProjectDetails" time="0.046"/>
  <system-out/>
  <testcase classname="testcases.projects.GetProjectIdTestCases" name="verifyGetProjectDetailsWithInvalidAccessToken" time="0.896"/>
  <system-out/>
  <testcase classname="testcases.projects.GetProjectIdTestCases" name="verifyGetProjectDetailsWithInvalidTenantId" time="0.043"/>
  <system-out/>
  <testcase classname="testcases.projects.GetProjectIdTestCases" name="verifyGetProjectDetailsWithoutAccessToken" time="0.041"/>
  <system-out/>
  <testcase classname="testcases.projects.GetProjectIdTestCases" name="verifyGetProjectDetailsWithInvalidProjectIds" time="0.976"/>
  <system-out/>
</testsuite> <!-- testcases.projects.GetProjectIdTestCases -->
