<?xml version="1.0" encoding="UTF-8"?>
<!-- Generated by org.testng.reporters.JUnitReportReporter -->
<testsuite hostname="AS-PC-23" failures="0" tests="5" name="testcases.projects.UpdateProjectByIdTestCases" time="0.331" errors="0" timestamp="2024-07-22T18:57:39 IST" skipped="0">
  <testcase classname="testcases.projects.UpdateProjectByIdTestCases" name="verifyUpdateProjectById" time="0.105"/>
  <system-out/>
  <testcase classname="testcases.projects.UpdateProjectByIdTestCases" name="verifyUpdateProjectByIdWithInvalidProjectIds" time="0.127"/>
  <system-out/>
  <testcase classname="testcases.projects.UpdateProjectByIdTestCases" name="verifyUpdateProjectByIdWithInvalidAccessToken" time="0.035"/>
  <system-out/>
  <testcase classname="testcases.projects.UpdateProjectByIdTestCases" name="verifyUpdateProjectByIdWithInvalidTenantId" time="0.034"/>
  <system-out/>
  <testcase classname="testcases.projects.UpdateProjectByIdTestCases" name="verifyUpdateProjectByIdWithoutAccessToken" time="0.030"/>
  <system-out/>
</testsuite> <!-- testcases.projects.UpdateProjectByIdTestCases -->
