<?xml version="1.0" encoding="UTF-8"?>
<!-- Generated by org.testng.reporters.JUnitReportReporter -->
<testsuite hostname="AS-PC-23" failures="0" tests="1" name="testCases.TC002_LoginTest" time="7.265" errors="0" timestamp="2024-08-13T16:20:28 IST" skipped="0">
  <testcase classname="testCases.TC002_LoginTest" name="verifyLogin" time="7.265"/>
</testsuite> <!-- testCases.TC002_LoginTest -->
