<?xml version="1.0" encoding="UTF-8"?>
<!-- Generated by org.testng.reporters.JUnitReportReporter -->
<testsuite hostname="AS-PC-23" failures="0" tests="1" name="testCases.TC001_AccountRegistrationTest" time="7.345" errors="0" timestamp="2024-08-13T16:20:28 IST" skipped="0">
  <testcase classname="testCases.TC001_AccountRegistrationTest" name="verifyAccountRegistration" time="7.345"/>
</testsuite> <!-- testCases.TC001_AccountRegistrationTest -->
