<?xml version="1.0" encoding="UTF-8"?>
<!-- Generated by org.testng.reporters.JUnitReportReporter -->
<testsuite hostname="AS-PC-23" failures="0" tests="1" name="testCases.PassiveScan" time="299.564" errors="0" timestamp="2024-09-18T12:34:06 IST" skipped="0">
  <testcase classname="testCases.PassiveScan" name="testActiveScan" time="299.564"/>
</testsuite> <!-- testCases.PassiveScan -->
