<?xml version="1.0" encoding="UTF-8"?>
<!-- Generated by org.testng.reporters.JUnitReportReporter -->
<testsuite hostname="AS-PC-23" failures="0" tests="1" name="testCases.TC002_LoginTest" time="7.416" errors="0" timestamp="2024-08-26T11:21:25 IST" skipped="0">
  <testcase classname="testCases.TC002_LoginTest" name="verifyLogin" time="7.416"/>
</testsuite> <!-- testCases.TC002_LoginTest -->
